# JRE version: OpenJDK Runtime Environment Temurin-17.0.7+7 (17.0.7+7) (build 17.0.7+7)
# Java VM: OpenJDK 64-Bit Server VM Temurin-17.0.7+7 (17.0.7+7, mixed mode, tiered, compressed oops, compressed class ptrs, parallel gc, linux-amd64)
GC Precious Log:
 CPUs: 8 total, 8 available
 Memory: 15741M
 Large Page Support: Disabled
 NUMA Support: Disabled
 Compressed Oops: Enabled (32-bit)
 Alignments: Space 512K, Generation 512K, Heap 2M
 Heap Min Capacity: 100M
 Heap Initial Capacity: 100M
 Heap Max Capacity: 1G
 Pre-touch: Disabled
 Parallel Workers: 8
Heap:
 PSYoungGen      total 22528K, used 10863K [0x00000000eab00000, 0x00000000ec480000, 0x0000000100000000)
  eden space 20992K, 46% used [0x00000000eab00000,0x00000000eb46fc10,0x00000000ebf80000)
  from space 1536K, 78% used [0x00000000ec100000,0x00000000ec22c010,0x00000000ec280000)
  to   space 2048K, 0% used [0x00000000ec280000,0x00000000ec280000,0x00000000ec480000)
 ParOldGen       total 68608K, used 28469K [0x00000000c0000000, 0x00000000c4300000, 0x00000000eab00000)
  object space 68608K, 41% used [0x00000000c0000000,0x00000000c1bcd688,0x00000000c4300000)
 Metaspace       used 46356K, committed 47104K, reserved 1114112K
  class space    used 4668K, committed 4992K, reserved 1048576K
GC Heap History (20 events):
Event: 3,527 GC heap before
{Heap before GC invocations=12 (full 1):
 PSYoungGen      total 25600K, used 25568K [0x00000000eab00000, 0x00000000ece00000, 0x0000000100000000)
  eden space 20992K, 100% used [0x00000000eab00000,0x00000000ebf80000,0x00000000ebf80000)
  from space 4608K, 99% used [0x00000000ec600000,0x00000000eca78020,0x00000000eca80000)
  to   space 6656K, 0% used [0x00000000ebf80000,0x00000000ebf80000,0x00000000ec600000)
 ParOldGen       total 68608K, used 11735K [0x00000000c0000000, 0x00000000c4300000, 0x00000000eab00000)
  object space 68608K, 17% used [0x00000000c0000000,0x00000000c0b75e38,0x00000000c4300000)
 Metaspace       used 35020K, committed 35712K, reserved 1114112K
  class space    used 3556K, committed 3840K, reserved 1048576K
}
Event: 3,536 GC heap after
{Heap after GC invocations=12 (full 1):
 PSYoungGen      total 23552K, used 2368K [0x00000000eab00000, 0x00000000ec780000, 0x0000000100000000)
  eden space 20992K, 0% used [0x00000000eab00000,0x00000000eab00000,0x00000000ebf80000)
  from space 2560K, 92% used [0x00000000ebf80000,0x00000000ec1d0000,0x00000000ec200000)
  to   space 4096K, 0% used [0x00000000ec380000,0x00000000ec380000,0x00000000ec780000)
 ParOldGen       total 68608K, used 16322K [0x00000000c0000000, 0x00000000c4300000, 0x00000000eab00000)
  object space 68608K, 23% used [0x00000000c0000000,0x00000000c0ff0b40,0x00000000c4300000)
 Metaspace       used 35020K, committed 35712K, reserved 1114112K
  class space    used 3556K, committed 3840K, reserved 1048576K
}
Event: 3,585 GC heap before
{Heap before GC invocations=13 (full 1):
 PSYoungGen      total 23552K, used 23360K [0x00000000eab00000, 0x00000000ec780000, 0x0000000100000000)
  eden space 20992K, 100% used [0x00000000eab00000,0x00000000ebf80000,0x00000000ebf80000)
  from space 2560K, 92% used [0x00000000ebf80000,0x00000000ec1d0000,0x00000000ec200000)
  to   space 4096K, 0% used [0x00000000ec380000,0x00000000ec380000,0x00000000ec780000)
 ParOldGen       total 68608K, used 16322K [0x00000000c0000000, 0x00000000c4300000, 0x00000000eab00000)
  object space 68608K, 23% used [0x00000000c0000000,0x00000000c0ff0b40,0x00000000c4300000)
 Metaspace       used 35020K, committed 35712K, reserved 1114112K
  class space    used 3556K, committed 3840K, reserved 1048576K
}
Event: 3,591 GC heap after
{Heap after GC invocations=13 (full 1):
 PSYoungGen      total 24064K, used 2624K [0x00000000eab00000, 0x00000000ec680000, 0x0000000100000000)
  eden space 20992K, 0% used [0x00000000eab00000,0x00000000eab00000,0x00000000ebf80000)
  from space 3072K, 85% used [0x00000000ec380000,0x00000000ec610010,0x00000000ec680000)
  to   space 3072K, 0% used [0x00000000ec080000,0x00000000ec080000,0x00000000ec380000)
 ParOldGen       total 68608K, used 18594K [0x00000000c0000000, 0x00000000c4300000, 0x00000000eab00000)
  object space 68608K, 27% used [0x00000000c0000000,0x00000000c1228b40,0x00000000c4300000)
 Metaspace       used 35020K, committed 35712K, reserved 1114112K
  class space    used 3556K, committed 3840K, reserved 1048576K
}
Event: 5,744 GC heap before
{Heap before GC invocations=14 (full 1):
 PSYoungGen      total 24064K, used 18354K [0x00000000eab00000, 0x00000000ec680000, 0x0000000100000000)
  eden space 20992K, 74% used [0x00000000eab00000,0x00000000eba5c990,0x00000000ebf80000)
  from space 3072K, 85% used [0x00000000ec380000,0x00000000ec610010,0x00000000ec680000)
  to   space 3072K, 0% used [0x00000000ec080000,0x00000000ec080000,0x00000000ec380000)
 ParOldGen       total 68608K, used 18594K [0x00000000c0000000, 0x00000000c4300000, 0x00000000eab00000)
  object space 68608K, 27% used [0x00000000c0000000,0x00000000c1228b40,0x00000000c4300000)
 Metaspace       used 35173K, committed 35840K, reserved 1114112K
  class space    used 3567K, committed 3840K, reserved 1048576K
}
Event: 5,747 GC heap after
{Heap after GC invocations=14 (full 1):
 PSYoungGen      total 23552K, used 2508K [0x00000000eab00000, 0x00000000ec580000, 0x0000000100000000)
  eden space 20992K, 0% used [0x00000000eab00000,0x00000000eab00000,0x00000000ebf80000)
  from space 2560K, 97% used [0x00000000ec080000,0x00000000ec2f32b8,0x00000000ec300000)
  to   space 2560K, 0% used [0x00000000ec300000,0x00000000ec300000,0x00000000ec580000)
 ParOldGen       total 68608K, used 21090K [0x00000000c0000000, 0x00000000c4300000, 0x00000000eab00000)
  object space 68608K, 30% used [0x00000000c0000000,0x00000000c1498b50,0x00000000c4300000)
 Metaspace       used 35173K, committed 35840K, reserved 1114112K
  class space    used 3567K, committed 3840K, reserved 1048576K
}
Event: 5,747 GC heap before
{Heap before GC invocations=15 (full 2):
 PSYoungGen      total 23552K, used 2508K [0x00000000eab00000, 0x00000000ec580000, 0x0000000100000000)
  eden space 20992K, 0% used [0x00000000eab00000,0x00000000eab00000,0x00000000ebf80000)
  from space 2560K, 97% used [0x00000000ec080000,0x00000000ec2f32b8,0x00000000ec300000)
  to   space 2560K, 0% used [0x00000000ec300000,0x00000000ec300000,0x00000000ec580000)
 ParOldGen       total 68608K, used 21090K [0x00000000c0000000, 0x00000000c4300000, 0x00000000eab00000)
  object space 68608K, 30% used [0x00000000c0000000,0x00000000c1498b50,0x00000000c4300000)
 Metaspace       used 35173K, committed 35840K, reserved 1114112K
  class space    used 3567K, committed 3840K, reserved 1048576K
}
Event: 5,784 GC heap after
{Heap after GC invocations=15 (full 2):
 PSYoungGen      total 23552K, used 0K [0x00000000eab00000, 0x00000000ec580000, 0x0000000100000000)
  eden space 20992K, 0% used [0x00000000eab00000,0x00000000eab00000,0x00000000ebf80000)
  from space 2560K, 0% used [0x00000000ec080000,0x00000000ec080000,0x00000000ec300000)
  to   space 2560K, 0% used [0x00000000ec300000,0x00000000ec300000,0x00000000ec580000)
 ParOldGen       total 68608K, used 22938K [0x00000000c0000000, 0x00000000c4300000, 0x00000000eab00000)
  object space 68608K, 33% used [0x00000000c0000000,0x00000000c16668f0,0x00000000c4300000)
 Metaspace       used 35173K, committed 35840K, reserved 1114112K
  class space    used 3567K, committed 3840K, reserved 1048576K
}
Event: 6,081 GC heap before
{Heap before GC invocations=16 (full 2):
 PSYoungGen      total 23552K, used 20941K [0x00000000eab00000, 0x00000000ec580000, 0x0000000100000000)
  eden space 20992K, 99% used [0x00000000eab00000,0x00000000ebf73618,0x00000000ebf80000)
  from space 2560K, 0% used [0x00000000ec080000,0x00000000ec080000,0x00000000ec300000)
  to   space 2560K, 0% used [0x00000000ec300000,0x00000000ec300000,0x00000000ec580000)
 ParOldGen       total 68608K, used 22938K [0x00000000c0000000, 0x00000000c4300000, 0x00000000eab00000)
  object space 68608K, 33% used [0x00000000c0000000,0x00000000c16668f0,0x00000000c4300000)
 Metaspace       used 37898K, committed 38592K, reserved 1114112K
  class space    used 3868K, committed 4160K, reserved 1048576K
}
Event: 6,082 GC heap after
{Heap after GC invocations=16 (full 2):
 PSYoungGen      total 22016K, used 984K [0x00000000eab00000, 0x00000000ec400000, 0x0000000100000000)
  eden space 20992K, 0% used [0x00000000eab00000,0x00000000eab00000,0x00000000ebf80000)
  from space 1024K, 96% used [0x00000000ec300000,0x00000000ec3f6098,0x00000000ec400000)
  to   space 2048K, 0% used [0x00000000ec000000,0x00000000ec000000,0x00000000ec200000)
 ParOldGen       total 68608K, used 22946K [0x00000000c0000000, 0x00000000c4300000, 0x00000000eab00000)
  object space 68608K, 33% used [0x00000000c0000000,0x00000000c16688f0,0x00000000c4300000)
 Metaspace       used 37898K, committed 38592K, reserved 1114112K
  class space    used 3868K, committed 4160K, reserved 1048576K
}
Event: 6,185 GC heap before
{Heap before GC invocations=17 (full 2):
 PSYoungGen      total 22016K, used 21976K [0x00000000eab00000, 0x00000000ec400000, 0x0000000100000000)
  eden space 20992K, 100% used [0x00000000eab00000,0x00000000ebf80000,0x00000000ebf80000)
  from space 1024K, 96% used [0x00000000ec300000,0x00000000ec3f6098,0x00000000ec400000)
  to   space 2048K, 0% used [0x00000000ec000000,0x00000000ec000000,0x00000000ec200000)
 ParOldGen       total 68608K, used 22946K [0x00000000c0000000, 0x00000000c4300000, 0x00000000eab00000)
  object space 68608K, 33% used [0x00000000c0000000,0x00000000c16688f0,0x00000000c4300000)
 Metaspace       used 39044K, committed 39744K, reserved 1114112K
  class space    used 4004K, committed 4288K, reserved 1048576K
}
Event: 6,186 GC heap after
{Heap after GC invocations=17 (full 2):
 PSYoungGen      total 23040K, used 512K [0x00000000eab00000, 0x00000000ec380000, 0x0000000100000000)
  eden space 20992K, 0% used [0x00000000eab00000,0x00000000eab00000,0x00000000ebf80000)
  from space 2048K, 25% used [0x00000000ec000000,0x00000000ec080010,0x00000000ec200000)
  to   space 1024K, 0% used [0x00000000ec280000,0x00000000ec280000,0x00000000ec380000)
 ParOldGen       total 68608K, used 23790K [0x00000000c0000000, 0x00000000c4300000, 0x00000000eab00000)
  object space 68608K, 34% used [0x00000000c0000000,0x00000000c173ba50,0x00000000c4300000)
 Metaspace       used 39044K, committed 39744K, reserved 1114112K
  class space    used 4004K, committed 4288K, reserved 1048576K
}
Event: 6,813 GC heap before
{Heap before GC invocations=18 (full 2):
 PSYoungGen      total 23040K, used 21504K [0x00000000eab00000, 0x00000000ec380000, 0x0000000100000000)
  eden space 20992K, 100% used [0x00000000eab00000,0x00000000ebf80000,0x00000000ebf80000)
  from space 2048K, 25% used [0x00000000ec000000,0x00000000ec080010,0x00000000ec200000)
  to   space 1024K, 0% used [0x00000000ec280000,0x00000000ec280000,0x00000000ec380000)
 ParOldGen       total 68608K, used 23790K [0x00000000c0000000, 0x00000000c4300000, 0x00000000eab00000)
  object space 68608K, 34% used [0x00000000c0000000,0x00000000c173ba50,0x00000000c4300000)
 Metaspace       used 41697K, committed 42368K, reserved 1114112K
  class space    used 4236K, committed 4480K, reserved 1048576K
}
Event: 6,814 GC heap after
{Heap after GC invocations=18 (full 2):
 PSYoungGen      total 22016K, used 1024K [0x00000000eab00000, 0x00000000ec380000, 0x0000000100000000)
  eden space 20992K, 0% used [0x00000000eab00000,0x00000000eab00000,0x00000000ebf80000)
  from space 1024K, 100% used [0x00000000ec280000,0x00000000ec380000,0x00000000ec380000)
  to   space 1536K, 0% used [0x00000000ec080000,0x00000000ec080000,0x00000000ec200000)
 ParOldGen       total 68608K, used 24110K [0x00000000c0000000, 0x00000000c4300000, 0x00000000eab00000)
  object space 68608K, 35% used [0x00000000c0000000,0x00000000c178ba70,0x00000000c4300000)
 Metaspace       used 41697K, committed 42368K, reserved 1114112K
  class space    used 4236K, committed 4480K, reserved 1048576K
}
Event: 7,020 GC heap before
{Heap before GC invocations=19 (full 2):
 PSYoungGen      total 22016K, used 21962K [0x00000000eab00000, 0x00000000ec380000, 0x0000000100000000)
  eden space 20992K, 99% used [0x00000000eab00000,0x00000000ebf728d0,0x00000000ebf80000)
  from space 1024K, 100% used [0x00000000ec280000,0x00000000ec380000,0x00000000ec380000)
  to   space 1536K, 0% used [0x00000000ec080000,0x00000000ec080000,0x00000000ec200000)
 ParOldGen       total 68608K, used 24110K [0x00000000c0000000, 0x00000000c4300000, 0x00000000eab00000)
  object space 68608K, 35% used [0x00000000c0000000,0x00000000c178ba70,0x00000000c4300000)
 Metaspace       used 43654K, committed 44352K, reserved 1114112K
  class space    used 4430K, committed 4736K, reserved 1048576K
}
Event: 7,027 GC heap after
{Heap after GC invocations=19 (full 2):
 PSYoungGen      total 22528K, used 1534K [0x00000000eab00000, 0x00000000ec880000, 0x0000000100000000)
  eden space 20992K, 0% used [0x00000000eab00000,0x00000000eab00000,0x00000000ebf80000)
  from space 1536K, 99% used [0x00000000ec080000,0x00000000ec1ffb88,0x00000000ec200000)
  to   space 4608K, 0% used [0x00000000ec400000,0x00000000ec400000,0x00000000ec880000)
 ParOldGen       total 68608K, used 26284K [0x00000000c0000000, 0x00000000c4300000, 0x00000000eab00000)
  object space 68608K, 38% used [0x00000000c0000000,0x00000000c19ab018,0x00000000c4300000)
 Metaspace       used 43654K, committed 44352K, reserved 1114112K
  class space    used 4430K, committed 4736K, reserved 1048576K
}
Event: 7,090 GC heap before
{Heap before GC invocations=20 (full 2):
 PSYoungGen      total 22528K, used 22444K [0x00000000eab00000, 0x00000000ec880000, 0x0000000100000000)
  eden space 20992K, 99% used [0x00000000eab00000,0x00000000ebf6b7a8,0x00000000ebf80000)
  from space 1536K, 99% used [0x00000000ec080000,0x00000000ec1ffb88,0x00000000ec200000)
  to   space 4608K, 0% used [0x00000000ec400000,0x00000000ec400000,0x00000000ec880000)
 ParOldGen       total 68608K, used 26284K [0x00000000c0000000, 0x00000000c4300000, 0x00000000eab00000)
  object space 68608K, 38% used [0x00000000c0000000,0x00000000c19ab018,0x00000000c4300000)
 Metaspace       used 43767K, committed 44544K, reserved 1114112K
  class space    used 4438K, committed 4736K, reserved 1048576K
}
Event: 7,093 GC heap after
{Heap after GC invocations=20 (full 2):
 PSYoungGen      total 23040K, used 1903K [0x00000000eab00000, 0x00000000ec600000, 0x0000000100000000)
  eden space 20992K, 0% used [0x00000000eab00000,0x00000000eab00000,0x00000000ebf80000)
  from space 2048K, 92% used [0x00000000ec400000,0x00000000ec5dbd58,0x00000000ec600000)
  to   space 2560K, 0% used [0x00000000ec100000,0x00000000ec100000,0x00000000ec380000)
 ParOldGen       total 68608K, used 27632K [0x00000000c0000000, 0x00000000c4300000, 0x00000000eab00000)
  object space 68608K, 40% used [0x00000000c0000000,0x00000000c1afc318,0x00000000c4300000)
 Metaspace       used 43767K, committed 44544K, reserved 1114112K
  class space    used 4438K, committed 4736K, reserved 1048576K
}
Event: 7,455 GC heap before
{Heap before GC invocations=21 (full 2):
 PSYoungGen      total 23040K, used 22895K [0x00000000eab00000, 0x00000000ec600000, 0x0000000100000000)
  eden space 20992K, 100% used [0x00000000eab00000,0x00000000ebf80000,0x00000000ebf80000)
  from space 2048K, 92% used [0x00000000ec400000,0x00000000ec5dbd58,0x00000000ec600000)
  to   space 2560K, 0% used [0x00000000ec100000,0x00000000ec100000,0x00000000ec380000)
 ParOldGen       total 68608K, used 27632K [0x00000000c0000000, 0x00000000c4300000, 0x00000000eab00000)
  object space 68608K, 40% used [0x00000000c0000000,0x00000000c1afc318,0x00000000c4300000)
 Metaspace       used 45747K, committed 46464K, reserved 1114112K
  class space    used 4615K, committed 4928K, reserved 1048576K
}
Event: 7,457 GC heap after
{Heap after GC invocations=21 (full 2):
 PSYoungGen      total 22528K, used 1200K [0x00000000eab00000, 0x00000000ec480000, 0x0000000100000000)
  eden space 20992K, 0% used [0x00000000eab00000,0x00000000eab00000,0x00000000ebf80000)
  from space 1536K, 78% used [0x00000000ec100000,0x00000000ec22c010,0x00000000ec280000)
  to   space 2048K, 0% used [0x00000000ec280000,0x00000000ec280000,0x00000000ec480000)
 ParOldGen       total 68608K, used 28469K [0x00000000c0000000, 0x00000000c4300000, 0x00000000eab00000)
  object space 68608K, 41% used [0x00000000c0000000,0x00000000c1bcd688,0x00000000c4300000)
 Metaspace       used 45747K, committed 46464K, reserved 1114112K
  class space    used 4615K, committed 4928K, reserved 1048576K
}

